<?xml version="1.0" encoding="UTF-8"?>
<testng-results ignored="0" total="1" passed="1" failed="0" skipped="0">
  <reporter-output>
  </reporter-output>
  <suite started-at="2024-05-24T21:46:38 IST" name="Default suite" finished-at="2024-05-24T21:47:07 IST" duration-ms="29199">
    <groups>
    </groups>
    <test started-at="2024-05-24T21:46:38 IST" name="Default test" finished-at="2024-05-24T21:47:07 IST" duration-ms="29199">
      <class name="Assignment2.Assignment_02_UserManagement">
        <test-method is-config="true" signature="Login()[pri:0, instance:Assignment2.Assignment_02_UserManagement@515aebb0]" started-at="2024-05-24T21:46:38 IST" name="Login" finished-at="2024-05-24T21:46:42 IST" duration-ms="4156" status="PASS">
          <reporter-output>
          </reporter-output>
        </test-method> <!-- Login -->
        <test-method signature="Scenario_01_PrintAllDashbaordMenu()[pri:0, instance:Assignment2.Assignment_02_UserManagement@515aebb0]" started-at="2024-05-24T21:46:42 IST" name="Scenario_01_PrintAllDashbaordMenu" finished-at="2024-05-24T21:47:07 IST" duration-ms="24835" status="PASS">
          <reporter-output>
          </reporter-output>
        </test-method> <!-- Scenario_01_PrintAllDashbaordMenu -->
        <test-method is-config="true" signature="logout()[pri:0, instance:Assignment2.Assignment_02_UserManagement@515aebb0]" started-at="2024-05-24T21:47:07 IST" name="logout" finished-at="2024-05-24T21:47:07 IST" duration-ms="190" status="PASS">
          <reporter-output>
          </reporter-output>
        </test-method> <!-- logout -->
      </class> <!-- Assignment2.Assignment_02_UserManagement -->
    </test> <!-- Default test -->
  </suite> <!-- Default suite -->
</testng-results>
